<?xml version="1.0" encoding="UTF-8"?>
<coverage generated="1761323356890" clover="3.2.0">
  <project timestamp="1761323356890" name="All files">
    <metrics statements="56" coveredstatements="54" conditionals="9" coveredconditionals="7" methods="36" coveredmethods="34" elements="101" coveredelements="95" complexity="0" loc="56" ncloc="56" packages="1" files="5" classes="5"/>
    <file name="alignments.ts" path="/srv/project-chimera/shared/constants/alignments.ts">
      <metrics statements="17" coveredstatements="17" conditionals="0" coveredconditionals="0" methods="12" coveredmethods="12"/>
      <line num="16" count="1" type="stmt"/>
      <line num="85" count="1" type="stmt"/>
      <line num="86" count="12" type="stmt"/>
      <line num="92" count="1" type="stmt"/>
      <line num="93" count="11" type="stmt"/>
      <line num="99" count="1" type="stmt"/>
      <line num="100" count="9" type="stmt"/>
      <line num="106" count="1" type="stmt"/>
      <line num="107" count="9" type="stmt"/>
      <line num="113" count="1" type="stmt"/>
      <line num="114" count="5" type="stmt"/>
      <line num="120" count="1" type="stmt"/>
      <line num="121" count="5" type="stmt"/>
      <line num="127" count="1" type="stmt"/>
      <line num="128" count="5" type="stmt"/>
      <line num="134" count="1" type="stmt"/>
      <line num="135" count="5" type="stmt"/>
    </file>
    <file name="backgrounds.ts" path="/srv/project-chimera/shared/constants/backgrounds.ts">
      <metrics statements="8" coveredstatements="8" conditionals="2" coveredconditionals="1" methods="6" coveredmethods="6"/>
      <line num="21" count="1" type="stmt"/>
      <line num="111" count="1" type="stmt"/>
      <line num="112" count="20" type="stmt"/>
      <line num="118" count="1" type="stmt"/>
      <line num="119" count="6" type="stmt"/>
      <line num="125" count="1" type="stmt"/>
      <line num="126" count="4" type="stmt"/>
      <line num="127" count="7" type="cond" truecount="1" falsecount="1"/>
    </file>
    <file name="classes.ts" path="/srv/project-chimera/shared/constants/classes.ts">
      <metrics statements="8" coveredstatements="8" conditionals="2" coveredconditionals="1" methods="5" coveredmethods="5"/>
      <line num="24" count="1" type="stmt"/>
      <line num="331" count="1" type="stmt"/>
      <line num="332" count="76" type="stmt"/>
      <line num="338" count="1" type="stmt"/>
      <line num="339" count="12" type="stmt"/>
      <line num="345" count="1" type="stmt"/>
      <line num="346" count="4" type="stmt"/>
      <line num="347" count="4" type="cond" truecount="1" falsecount="1"/>
    </file>
    <file name="races.ts" path="/srv/project-chimera/shared/constants/races.ts">
      <metrics statements="5" coveredstatements="5" conditionals="0" coveredconditionals="0" methods="4" coveredmethods="4"/>
      <line num="20" count="1" type="stmt"/>
      <line num="179" count="1" type="stmt"/>
      <line num="180" count="24" type="stmt"/>
      <line num="186" count="1" type="stmt"/>
      <line num="187" count="10" type="stmt"/>
    </file>
    <file name="skills.ts" path="/srv/project-chimera/shared/constants/skills.ts">
      <metrics statements="18" coveredstatements="16" conditionals="5" coveredconditionals="5" methods="9" coveredmethods="7"/>
      <line num="18" count="1" type="stmt"/>
      <line num="222" count="1" type="stmt"/>
      <line num="223" count="1043" type="stmt"/>
      <line num="229" count="1" type="stmt"/>
      <line num="230" count="18" type="stmt"/>
      <line num="236" count="1" type="stmt"/>
      <line num="237" count="126" type="stmt"/>
      <line num="244" count="1" type="stmt"/>
      <line num="248" count="0" type="stmt"/>
      <line num="255" count="1" type="stmt"/>
      <line num="259" count="0" type="stmt"/>
      <line num="265" count="1" type="stmt"/>
      <line num="271" count="6" type="stmt"/>
      <line num="273" count="6" type="cond" truecount="2" falsecount="0"/>
      <line num="274" count="2" type="stmt"/>
      <line num="275" count="4" type="cond" truecount="2" falsecount="0"/>
      <line num="276" count="2" type="stmt"/>
      <line num="278" count="2" type="stmt"/>
    </file>
  </project>
</coverage>
