{"/srv/project-chimera/shared/constants/alignments.ts": {"path":"/srv/project-chimera/shared/constants/alignments.ts","statementMap":{"0":{"start":{"line":85,"column":0},"end":{"line":85,"column":16}},"1":{"start":{"line":92,"column":0},"end":{"line":92,"column":16}},"2":{"start":{"line":99,"column":0},"end":{"line":99,"column":16}},"3":{"start":{"line":106,"column":0},"end":{"line":106,"column":16}},"4":{"start":{"line":113,"column":0},"end":{"line":113,"column":16}},"5":{"start":{"line":120,"column":0},"end":{"line":120,"column":16}},"6":{"start":{"line":127,"column":0},"end":{"line":127,"column":16}},"7":{"start":{"line":134,"column":0},"end":{"line":134,"column":16}},"8":{"start":{"line":16,"column":13},"end":{"line":80,"column":2}},"9":{"start":{"line":86,"column":2},"end":{"line":86,"column":91}},"10":{"start":{"line":86,"column":38},"end":{"line":86,"column":89}},"11":{"start":{"line":93,"column":2},"end":{"line":93,"column":91}},"12":{"start":{"line":93,"column":38},"end":{"line":93,"column":89}},"13":{"start":{"line":100,"column":2},"end":{"line":100,"column":53}},"14":{"start":{"line":100,"column":37},"end":{"line":100,"column":51}},"15":{"start":{"line":107,"column":2},"end":{"line":107,"column":53}},"16":{"start":{"line":107,"column":37},"end":{"line":107,"column":51}},"17":{"start":{"line":114,"column":2},"end":{"line":114,"column":57}},"18":{"start":{"line":121,"column":2},"end":{"line":121,"column":57}},"19":{"start":{"line":128,"column":2},"end":{"line":128,"column":57}},"20":{"start":{"line":135,"column":2},"end":{"line":135,"column":57}}},"fnMap":{"0":{"name":"getAlignmentByCode","decl":{"start":{"line":85,"column":16},"end":{"line":85,"column":34}},"loc":{"start":{"line":85,"column":47},"end":{"line":87,"column":1}}},"1":{"name":"(anonymous_1)","decl":{"start":{"line":86,"column":25},"end":{"line":86,"column":34}},"loc":{"start":{"line":86,"column":38},"end":{"line":86,"column":89}}},"2":{"name":"getAlignmentByName","decl":{"start":{"line":92,"column":16},"end":{"line":92,"column":34}},"loc":{"start":{"line":92,"column":47},"end":{"line":94,"column":1}}},"3":{"name":"(anonymous_3)","decl":{"start":{"line":93,"column":25},"end":{"line":93,"column":34}},"loc":{"start":{"line":93,"column":38},"end":{"line":93,"column":89}}},"4":{"name":"getAllAlignmentCodes","decl":{"start":{"line":99,"column":16},"end":{"line":99,"column":36}},"loc":{"start":{"line":99,"column":36},"end":{"line":101,"column":1}}},"5":{"name":"(anonymous_5)","decl":{"start":{"line":100,"column":24},"end":{"line":100,"column":33}},"loc":{"start":{"line":100,"column":37},"end":{"line":100,"column":51}}},"6":{"name":"getAllAlignmentNames","decl":{"start":{"line":106,"column":16},"end":{"line":106,"column":36}},"loc":{"start":{"line":106,"column":36},"end":{"line":108,"column":1}}},"7":{"name":"(anonymous_7)","decl":{"start":{"line":107,"column":24},"end":{"line":107,"column":33}},"loc":{"start":{"line":107,"column":37},"end":{"line":107,"column":51}}},"8":{"name":"isGoodAligned","decl":{"start":{"line":113,"column":16},"end":{"line":113,"column":29}},"loc":{"start":{"line":113,"column":42},"end":{"line":115,"column":1}}},"9":{"name":"isEvilAligned","decl":{"start":{"line":120,"column":16},"end":{"line":120,"column":29}},"loc":{"start":{"line":120,"column":42},"end":{"line":122,"column":1}}},"10":{"name":"isLawful","decl":{"start":{"line":127,"column":16},"end":{"line":127,"column":24}},"loc":{"start":{"line":127,"column":37},"end":{"line":129,"column":1}}},"11":{"name":"isChaotic","decl":{"start":{"line":134,"column":16},"end":{"line":134,"column":25}},"loc":{"start":{"line":134,"column":38},"end":{"line":136,"column":1}}}},"branchMap":{},"s":{"0":1,"1":1,"2":1,"3":1,"4":1,"5":1,"6":1,"7":1,"8":1,"9":4,"10":12,"11":3,"12":11,"13":1,"14":9,"15":1,"16":9,"17":5,"18":5,"19":5,"20":5},"f":{"0":4,"1":12,"2":3,"3":11,"4":1,"5":9,"6":1,"7":9,"8":5,"9":5,"10":5,"11":5},"b":{}}
,"/srv/project-chimera/shared/constants/backgrounds.ts": {"path":"/srv/project-chimera/shared/constants/backgrounds.ts","statementMap":{"0":{"start":{"line":111,"column":0},"end":{"line":111,"column":16}},"1":{"start":{"line":118,"column":0},"end":{"line":118,"column":16}},"2":{"start":{"line":125,"column":0},"end":{"line":125,"column":16}},"3":{"start":{"line":21,"column":13},"end":{"line":106,"column":2}},"4":{"start":{"line":112,"column":2},"end":{"line":112,"column":78}},"5":{"start":{"line":112,"column":32},"end":{"line":112,"column":76}},"6":{"start":{"line":119,"column":2},"end":{"line":119,"column":40}},"7":{"start":{"line":119,"column":31},"end":{"line":119,"column":38}},"8":{"start":{"line":126,"column":21},"end":{"line":126,"column":56}},"9":{"start":{"line":127,"column":2},"end":{"line":127,"column":106}},"10":{"start":{"line":127,"column":48},"end":{"line":127,"column":95}}},"fnMap":{"0":{"name":"getBackgroundByName","decl":{"start":{"line":111,"column":16},"end":{"line":111,"column":35}},"loc":{"start":{"line":111,"column":48},"end":{"line":113,"column":1}}},"1":{"name":"(anonymous_1)","decl":{"start":{"line":112,"column":26},"end":{"line":112,"column":28}},"loc":{"start":{"line":112,"column":32},"end":{"line":112,"column":76}}},"2":{"name":"getAllBackgroundNames","decl":{"start":{"line":118,"column":16},"end":{"line":118,"column":37}},"loc":{"start":{"line":118,"column":37},"end":{"line":120,"column":1}}},"3":{"name":"(anonymous_3)","decl":{"start":{"line":119,"column":25},"end":{"line":119,"column":27}},"loc":{"start":{"line":119,"column":31},"end":{"line":119,"column":38}}},"4":{"name":"backgroundGrantsSkill","decl":{"start":{"line":125,"column":16},"end":{"line":125,"column":37}},"loc":{"start":{"line":125,"column":79},"end":{"line":128,"column":1}}},"5":{"name":"(anonymous_5)","decl":{"start":{"line":127,"column":39},"end":{"line":127,"column":44}},"loc":{"start":{"line":127,"column":48},"end":{"line":127,"column":95}}}},"branchMap":{"0":{"loc":{"start":{"line":127,"column":9},"end":{"line":127,"column":105}},"type":"binary-expr","locations":[{"start":{"line":127,"column":9},"end":{"line":127,"column":96}},{"start":{"line":127,"column":100},"end":{"line":127,"column":105}}]}},"s":{"0":1,"1":1,"2":1,"3":1,"4":9,"5":20,"6":1,"7":6,"8":4,"9":4,"10":7},"f":{"0":9,"1":20,"2":1,"3":6,"4":4,"5":7},"b":{"0":[4,0]}}
,"/srv/project-chimera/shared/constants/classes.ts": {"path":"/srv/project-chimera/shared/constants/classes.ts","statementMap":{"0":{"start":{"line":331,"column":0},"end":{"line":331,"column":16}},"1":{"start":{"line":338,"column":0},"end":{"line":338,"column":16}},"2":{"start":{"line":345,"column":0},"end":{"line":345,"column":16}},"3":{"start":{"line":24,"column":13},"end":{"line":326,"column":2}},"4":{"start":{"line":332,"column":2},"end":{"line":332,"column":76}},"5":{"start":{"line":332,"column":29},"end":{"line":332,"column":74}},"6":{"start":{"line":339,"column":2},"end":{"line":339,"column":38}},"7":{"start":{"line":339,"column":28},"end":{"line":339,"column":36}},"8":{"start":{"line":346,"column":14},"end":{"line":346,"column":39}},"9":{"start":{"line":347,"column":2},"end":{"line":347,"column":44}}},"fnMap":{"0":{"name":"getClassByName","decl":{"start":{"line":331,"column":16},"end":{"line":331,"column":30}},"loc":{"start":{"line":331,"column":43},"end":{"line":333,"column":1}}},"1":{"name":"(anonymous_1)","decl":{"start":{"line":332,"column":22},"end":{"line":332,"column":25}},"loc":{"start":{"line":332,"column":29},"end":{"line":332,"column":74}}},"2":{"name":"getAllClassNames","decl":{"start":{"line":338,"column":16},"end":{"line":338,"column":32}},"loc":{"start":{"line":338,"column":32},"end":{"line":340,"column":1}}},"3":{"name":"(anonymous_3)","decl":{"start":{"line":339,"column":21},"end":{"line":339,"column":24}},"loc":{"start":{"line":339,"column":28},"end":{"line":339,"column":36}}},"4":{"name":"isSpellcaster","decl":{"start":{"line":345,"column":16},"end":{"line":345,"column":29}},"loc":{"start":{"line":345,"column":47},"end":{"line":348,"column":1}}}},"branchMap":{"0":{"loc":{"start":{"line":347,"column":9},"end":{"line":347,"column":43}},"type":"binary-expr","locations":[{"start":{"line":347,"column":9},"end":{"line":347,"column":34}},{"start":{"line":347,"column":38},"end":{"line":347,"column":43}}]}},"s":{"0":1,"1":1,"2":1,"3":1,"4":10,"5":76,"6":1,"7":12,"8":4,"9":4},"f":{"0":10,"1":76,"2":1,"3":12,"4":4},"b":{"0":[4,0]}}
,"/srv/project-chimera/shared/constants/races.ts": {"path":"/srv/project-chimera/shared/constants/races.ts","statementMap":{"0":{"start":{"line":179,"column":0},"end":{"line":179,"column":16}},"1":{"start":{"line":186,"column":0},"end":{"line":186,"column":16}},"2":{"start":{"line":20,"column":13},"end":{"line":174,"column":2}},"3":{"start":{"line":180,"column":2},"end":{"line":180,"column":76}},"4":{"start":{"line":180,"column":28},"end":{"line":180,"column":74}},"5":{"start":{"line":187,"column":2},"end":{"line":187,"column":38}},"6":{"start":{"line":187,"column":27},"end":{"line":187,"column":36}}},"fnMap":{"0":{"name":"getRaceByName","decl":{"start":{"line":179,"column":16},"end":{"line":179,"column":29}},"loc":{"start":{"line":179,"column":42},"end":{"line":181,"column":1}}},"1":{"name":"(anonymous_1)","decl":{"start":{"line":180,"column":20},"end":{"line":180,"column":24}},"loc":{"start":{"line":180,"column":28},"end":{"line":180,"column":74}}},"2":{"name":"getAllRaceNames","decl":{"start":{"line":186,"column":16},"end":{"line":186,"column":31}},"loc":{"start":{"line":186,"column":31},"end":{"line":188,"column":1}}},"3":{"name":"(anonymous_3)","decl":{"start":{"line":187,"column":19},"end":{"line":187,"column":23}},"loc":{"start":{"line":187,"column":27},"end":{"line":187,"column":36}}}},"branchMap":{},"s":{"0":1,"1":1,"2":1,"3":5,"4":24,"5":1,"6":10},"f":{"0":5,"1":24,"2":1,"3":10},"b":{}}
,"/srv/project-chimera/shared/constants/skills.ts": {"path":"/srv/project-chimera/shared/constants/skills.ts","statementMap":{"0":{"start":{"line":222,"column":0},"end":{"line":222,"column":16}},"1":{"start":{"line":229,"column":0},"end":{"line":229,"column":16}},"2":{"start":{"line":236,"column":0},"end":{"line":236,"column":16}},"3":{"start":{"line":244,"column":0},"end":{"line":244,"column":16}},"4":{"start":{"line":255,"column":0},"end":{"line":255,"column":16}},"5":{"start":{"line":265,"column":0},"end":{"line":265,"column":16}},"6":{"start":{"line":18,"column":13},"end":{"line":217,"column":2}},"7":{"start":{"line":223,"column":2},"end":{"line":223,"column":79}},"8":{"start":{"line":223,"column":30},"end":{"line":223,"column":77}},"9":{"start":{"line":230,"column":2},"end":{"line":230,"column":41}},"10":{"start":{"line":230,"column":29},"end":{"line":230,"column":39}},"11":{"start":{"line":237,"column":2},"end":{"line":237,"column":59}},"12":{"start":{"line":237,"column":32},"end":{"line":237,"column":57}},"13":{"start":{"line":248,"column":2},"end":{"line":248,"column":15}},"14":{"start":{"line":259,"column":2},"end":{"line":259,"column":15}},"15":{"start":{"line":271,"column":26},"end":{"line":271,"column":61}},"16":{"start":{"line":273,"column":2},"end":{"line":279,"column":3}},"17":{"start":{"line":274,"column":4},"end":{"line":274,"column":52}},"18":{"start":{"line":275,"column":9},"end":{"line":279,"column":3}},"19":{"start":{"line":276,"column":4},"end":{"line":276,"column":46}},"20":{"start":{"line":278,"column":4},"end":{"line":278,"column":27}}},"fnMap":{"0":{"name":"getSkillByName","decl":{"start":{"line":222,"column":16},"end":{"line":222,"column":30}},"loc":{"start":{"line":222,"column":43},"end":{"line":224,"column":1}}},"1":{"name":"(anonymous_1)","decl":{"start":{"line":223,"column":21},"end":{"line":223,"column":26}},"loc":{"start":{"line":223,"column":30},"end":{"line":223,"column":77}}},"2":{"name":"getAllSkillNames","decl":{"start":{"line":229,"column":16},"end":{"line":229,"column":32}},"loc":{"start":{"line":229,"column":32},"end":{"line":231,"column":1}}},"3":{"name":"(anonymous_3)","decl":{"start":{"line":230,"column":20},"end":{"line":230,"column":25}},"loc":{"start":{"line":230,"column":29},"end":{"line":230,"column":39}}},"4":{"name":"getSkillsByAbility","decl":{"start":{"line":236,"column":16},"end":{"line":236,"column":34}},"loc":{"start":{"line":236,"column":56},"end":{"line":238,"column":1}}},"5":{"name":"(anonymous_5)","decl":{"start":{"line":237,"column":23},"end":{"line":237,"column":28}},"loc":{"start":{"line":237,"column":32},"end":{"line":237,"column":57}}},"6":{"name":"isClassSkill","decl":{"start":{"line":244,"column":16},"end":{"line":244,"column":28}},"loc":{"start":{"line":244,"column":65},"end":{"line":249,"column":1}}},"7":{"name":"isBackgroundSkill","decl":{"start":{"line":255,"column":16},"end":{"line":255,"column":33}},"loc":{"start":{"line":255,"column":75},"end":{"line":260,"column":1}}},"8":{"name":"calculateSkillModifier","decl":{"start":{"line":265,"column":16},"end":{"line":265,"column":38}},"loc":{"start":{"line":269,"column":31},"end":{"line":280,"column":1}}}},"branchMap":{"0":{"loc":{"start":{"line":269,"column":2},"end":{"line":269,"column":31}},"type":"default-arg","locations":[{"start":{"line":269,"column":26},"end":{"line":269,"column":31}}]},"1":{"loc":{"start":{"line":273,"column":2},"end":{"line":279,"column":3}},"type":"if","locations":[{"start":{"line":273,"column":2},"end":{"line":279,"column":3}},{"start":{"line":275,"column":9},"end":{"line":279,"column":3}}]},"2":{"loc":{"start":{"line":275,"column":9},"end":{"line":279,"column":3}},"type":"if","locations":[{"start":{"line":275,"column":9},"end":{"line":279,"column":3}},{"start":{"line":277,"column":9},"end":{"line":279,"column":3}}]}},"s":{"0":1,"1":1,"2":1,"3":1,"4":1,"5":1,"6":1,"7":112,"8":1043,"9":1,"10":18,"11":7,"12":126,"13":0,"14":0,"15":6,"16":6,"17":2,"18":4,"19":2,"20":2},"f":{"0":112,"1":1043,"2":1,"3":18,"4":7,"5":126,"6":0,"7":0,"8":6},"b":{"0":[4],"1":[2,4],"2":[2,2]}}
}
