TN:
SF:constants/alignments.ts
FN:85,getAlignmentByCode
FN:86,(anonymous_1)
FN:92,getAlignmentByName
FN:93,(anonymous_3)
FN:99,getAllAlignmentCodes
FN:100,(anonymous_5)
FN:106,getAllAlignmentNames
FN:107,(anonymous_7)
FN:113,isGoodAligned
FN:120,isEvilAligned
FN:127,isLawful
FN:134,isChaotic
FNF:12
FNH:12
FNDA:4,getAlignmentByCode
FNDA:12,(anonymous_1)
FNDA:3,getAlignmentByName
FNDA:11,(anonymous_3)
FNDA:1,getAllAlignmentCodes
FNDA:9,(anonymous_5)
FNDA:1,getAllAlignmentNames
FNDA:9,(anonymous_7)
FNDA:5,isGoodAligned
FNDA:5,isEvilAligned
FNDA:5,isLawful
FNDA:5,isChaotic
DA:16,1
DA:85,1
DA:86,12
DA:92,1
DA:93,11
DA:99,1
DA:100,9
DA:106,1
DA:107,9
DA:113,1
DA:114,5
DA:120,1
DA:121,5
DA:127,1
DA:128,5
DA:134,1
DA:135,5
LF:17
LH:17
BRF:0
BRH:0
end_of_record
TN:
SF:constants/backgrounds.ts
FN:111,getBackgroundByName
FN:112,(anonymous_1)
FN:118,getAllBackgroundNames
FN:119,(anonymous_3)
FN:125,backgroundGrantsSkill
FN:127,(anonymous_5)
FNF:6
FNH:6
FNDA:9,getBackgroundByName
FNDA:20,(anonymous_1)
FNDA:1,getAllBackgroundNames
FNDA:6,(anonymous_3)
FNDA:4,backgroundGrantsSkill
FNDA:7,(anonymous_5)
DA:21,1
DA:111,1
DA:112,20
DA:118,1
DA:119,6
DA:125,1
DA:126,4
DA:127,7
LF:8
LH:8
BRDA:127,0,0,4
BRDA:127,0,1,0
BRF:2
BRH:1
end_of_record
TN:
SF:constants/classes.ts
FN:331,getClassByName
FN:332,(anonymous_1)
FN:338,getAllClassNames
FN:339,(anonymous_3)
FN:345,isSpellcaster
FNF:5
FNH:5
FNDA:10,getClassByName
FNDA:76,(anonymous_1)
FNDA:1,getAllClassNames
FNDA:12,(anonymous_3)
FNDA:4,isSpellcaster
DA:24,1
DA:331,1
DA:332,76
DA:338,1
DA:339,12
DA:345,1
DA:346,4
DA:347,4
LF:8
LH:8
BRDA:347,0,0,4
BRDA:347,0,1,0
BRF:2
BRH:1
end_of_record
TN:
SF:constants/races.ts
FN:179,getRaceByName
FN:180,(anonymous_1)
FN:186,getAllRaceNames
FN:187,(anonymous_3)
FNF:4
FNH:4
FNDA:5,getRaceByName
FNDA:24,(anonymous_1)
FNDA:1,getAllRaceNames
FNDA:10,(anonymous_3)
DA:20,1
DA:179,1
DA:180,24
DA:186,1
DA:187,10
LF:5
LH:5
BRF:0
BRH:0
end_of_record
TN:
SF:constants/skills.ts
FN:222,getSkillByName
FN:223,(anonymous_1)
FN:229,getAllSkillNames
FN:230,(anonymous_3)
FN:236,getSkillsByAbility
FN:237,(anonymous_5)
FN:244,isClassSkill
FN:255,isBackgroundSkill
FN:265,calculateSkillModifier
FNF:9
FNH:7
FNDA:112,getSkillByName
FNDA:1043,(anonymous_1)
FNDA:1,getAllSkillNames
FNDA:18,(anonymous_3)
FNDA:7,getSkillsByAbility
FNDA:126,(anonymous_5)
FNDA:0,isClassSkill
FNDA:0,isBackgroundSkill
FNDA:6,calculateSkillModifier
DA:18,1
DA:222,1
DA:223,1043
DA:229,1
DA:230,18
DA:236,1
DA:237,126
DA:244,1
DA:248,0
DA:255,1
DA:259,0
DA:265,1
DA:271,6
DA:273,6
DA:274,2
DA:275,4
DA:276,2
DA:278,2
LF:18
LH:16
BRDA:269,0,0,4
BRDA:273,1,0,2
BRDA:273,1,1,4
BRDA:275,2,0,2
BRDA:275,2,1,2
BRF:5
BRH:5
end_of_record
